[debug] [2026-03-31T13:01:05.478Z] ----------------------------------------------------------------------
[debug] [2026-03-31T13:01:05.485Z] Command:       /Users/obi/.nvm/versions/node/v20.18.2/bin/node /Users/obi/.nvm/versions/node/v20.18.2/bin/firebase deploy --only firestore:rules,firestore:indexes
[debug] [2026-03-31T13:01:05.485Z] CLI Version:   14.5.1
[debug] [2026-03-31T13:01:05.485Z] Platform:      darwin
[debug] [2026-03-31T13:01:05.485Z] Node Version:  v20.18.2
[debug] [2026-03-31T13:01:05.485Z] Time:          Tue Mar 31 2026 14:01:05 GMT+0100 (British Summer Time)
[debug] [2026-03-31T13:01:05.485Z] ----------------------------------------------------------------------
[debug] 
[debug] [2026-03-31T13:01:05.486Z] >>> [apiv2][query] GET https://firebase-public.firebaseio.com/cli.json [none]
[debug] [2026-03-31T13:01:05.641Z] > command requires scopes: ["email","openid","https://www.googleapis.com/auth/cloudplatformprojects.readonly","https://www.googleapis.com/auth/firebase","https://www.googleapis.com/auth/cloud-platform"]
[debug] [2026-03-31T13:01:05.641Z] > authorizing via signed-in user (crftdweb@gmail.com)
[debug] [2026-03-31T13:01:05.641Z] [iam] checking project crftdweb-f02b0 for permissions ["datastore.indexes.create","datastore.indexes.delete","datastore.indexes.list","datastore.indexes.update","firebase.projects.get"]
[debug] [2026-03-31T13:01:05.642Z] Checked if tokens are valid: false, expires at: 1774920845512
[debug] [2026-03-31T13:01:05.642Z] Checked if tokens are valid: false, expires at: 1774920845512
[debug] [2026-03-31T13:01:05.642Z] > refreshing access token with scopes: []
[debug] [2026-03-31T13:01:05.642Z] >>> [apiv2][query] POST https://www.googleapis.com/oauth2/v3/token [none]
[debug] [2026-03-31T13:01:05.642Z] >>> [apiv2][body] POST https://www.googleapis.com/oauth2/v3/token [omitted]
[debug] [2026-03-31T13:01:05.736Z] <<< [apiv2][status] POST https://www.googleapis.com/oauth2/v3/token 200
[debug] [2026-03-31T13:01:05.736Z] <<< [apiv2][body] POST https://www.googleapis.com/oauth2/v3/token [omitted]
[debug] [2026-03-31T13:01:05.756Z] >>> [apiv2][query] POST https://cloudresourcemanager.googleapis.com/v1/projects/crftdweb-f02b0:testIamPermissions [none]
[debug] [2026-03-31T13:01:05.756Z] >>> [apiv2][(partial)header] POST https://cloudresourcemanager.googleapis.com/v1/projects/crftdweb-f02b0:testIamPermissions x-goog-quota-user=projects/crftdweb-f02b0
[debug] [2026-03-31T13:01:05.756Z] >>> [apiv2][body] POST https://cloudresourcemanager.googleapis.com/v1/projects/crftdweb-f02b0:testIamPermissions {"permissions":["datastore.indexes.create","datastore.indexes.delete","datastore.indexes.list","datastore.indexes.update","firebase.projects.get"]}
[debug] [2026-03-31T13:01:05.907Z] <<< [apiv2][status] GET https://firebase-public.firebaseio.com/cli.json 200
[debug] [2026-03-31T13:01:05.907Z] <<< [apiv2][body] GET https://firebase-public.firebaseio.com/cli.json {"cloudBuildErrorAfter":1594252800000,"cloudBuildWarnAfter":1590019200000,"defaultNode10After":1594252800000,"minVersion":"3.0.5","node8DeploysDisabledAfter":1613390400000,"node8RuntimeDisabledAfter":1615809600000,"node8WarnAfter":1600128000000}
[debug] [2026-03-31T13:01:05.960Z] <<< [apiv2][status] POST https://cloudresourcemanager.googleapis.com/v1/projects/crftdweb-f02b0:testIamPermissions 200
[debug] [2026-03-31T13:01:05.960Z] <<< [apiv2][body] POST https://cloudresourcemanager.googleapis.com/v1/projects/crftdweb-f02b0:testIamPermissions {"permissions":["datastore.indexes.create","datastore.indexes.delete","datastore.indexes.list","datastore.indexes.update","firebase.projects.get"]}
[info] 
[info] === Deploying to 'crftdweb-f02b0'...
[info] 
[info] i  deploying firestore 
[info] i  firestore: reading indexes from firestore.indexes.json... 
[info] i  cloud.firestore: checking firestore.rules for compilation errors... 
[debug] [2026-03-31T13:01:05.963Z] Checked if tokens are valid: true, expires at: 1774965664736
[debug] [2026-03-31T13:01:05.963Z] Checked if tokens are valid: true, expires at: 1774965664736
[debug] [2026-03-31T13:01:05.963Z] >>> [apiv2][query] POST https://firebaserules.googleapis.com/v1/projects/crftdweb-f02b0:test [none]
[debug] [2026-03-31T13:01:05.963Z] >>> [apiv2][body] POST https://firebaserules.googleapis.com/v1/projects/crftdweb-f02b0:test [omitted]
[debug] [2026-03-31T13:01:06.739Z] <<< [apiv2][status] POST https://firebaserules.googleapis.com/v1/projects/crftdweb-f02b0:test 200
[debug] [2026-03-31T13:01:06.740Z] <<< [apiv2][body] POST https://firebaserules.googleapis.com/v1/projects/crftdweb-f02b0:test {}
[info] ✔  cloud.firestore: rules file firestore.rules compiled successfully 
[debug] [2026-03-31T13:01:06.740Z] Checked if tokens are valid: true, expires at: 1774965664736
[debug] [2026-03-31T13:01:06.740Z] Checked if tokens are valid: true, expires at: 1774965664736
[debug] [2026-03-31T13:01:06.740Z] >>> [apiv2][query] GET https://firestore.googleapis.com/v1/projects/crftdweb-f02b0/databases/(default) [none]
[debug] [2026-03-31T13:01:06.896Z] <<< [apiv2][status] GET https://firestore.googleapis.com/v1/projects/crftdweb-f02b0/databases/(default) 200
[debug] [2026-03-31T13:01:06.896Z] <<< [apiv2][body] GET https://firestore.googleapis.com/v1/projects/crftdweb-f02b0/databases/(default) {"name":"projects/crftdweb-f02b0/databases/(default)","uid":"d933d8e0-d99d-4a68-bc7f-91773ee8c069","createTime":"2026-02-04T19:20:09.423162Z","updateTime":"2026-02-04T19:20:09.423162Z","locationId":"europe-west2","type":"FIRESTORE_NATIVE","concurrencyMode":"PESSIMISTIC","versionRetentionPeriod":"3600s","earliestVersionTime":"2026-03-31T12:01:06.934610Z","appEngineIntegrationMode":"DISABLED","keyPrefix":"g","pointInTimeRecoveryEnablement":"POINT_IN_TIME_RECOVERY_DISABLED","deleteProtectionState":"DELETE_PROTECTION_DISABLED","databaseEdition":"STANDARD","freeTier":true,"realtimeUpdatesMode":"REALTIME_UPDATES_MODE_ENABLED","etag":"IKmQ9fuYypMDMLa8usyk15ID"}
[debug] [2026-03-31T13:01:06.897Z] Checked if tokens are valid: true, expires at: 1774965664736
[debug] [2026-03-31T13:01:06.897Z] Checked if tokens are valid: true, expires at: 1774965664736
[debug] [2026-03-31T13:01:06.897Z] >>> [apiv2][query] GET https://firebaserules.googleapis.com/v1/projects/crftdweb-f02b0/releases pageSize=10&pageToken=
[debug] [2026-03-31T13:01:07.570Z] <<< [apiv2][status] GET https://firebaserules.googleapis.com/v1/projects/crftdweb-f02b0/releases 200
[debug] [2026-03-31T13:01:07.570Z] <<< [apiv2][body] GET https://firebaserules.googleapis.com/v1/projects/crftdweb-f02b0/releases {"releases":[{"name":"projects/crftdweb-f02b0/releases/cloud.firestore","rulesetName":"projects/crftdweb-f02b0/rulesets/b9ae3613-5c8c-431f-a592-d15373d80519","createTime":"2026-02-04T19:20:17.039188Z","updateTime":"2026-03-31T00:34:15.703886Z"}]}
[debug] [2026-03-31T13:01:07.571Z] Checked if tokens are valid: true, expires at: 1774965664736
[debug] [2026-03-31T13:01:07.571Z] Checked if tokens are valid: true, expires at: 1774965664736
[debug] [2026-03-31T13:01:07.571Z] >>> [apiv2][query] GET https://firebaserules.googleapis.com/v1/projects/crftdweb-f02b0/rulesets/b9ae3613-5c8c-431f-a592-d15373d80519 [none]
[debug] [2026-03-31T13:01:08.208Z] <<< [apiv2][status] GET https://firebaserules.googleapis.com/v1/projects/crftdweb-f02b0/rulesets/b9ae3613-5c8c-431f-a592-d15373d80519 200
[debug] [2026-03-31T13:01:08.208Z] <<< [apiv2][body] GET https://firebaserules.googleapis.com/v1/projects/crftdweb-f02b0/rulesets/b9ae3613-5c8c-431f-a592-d15373d80519 [omitted]
[info] i  firestore: latest version of firestore.rules already up to date, skipping upload... 
[info] i  firestore: deploying indexes... 
[debug] [2026-03-31T13:01:08.214Z] Checked if tokens are valid: true, expires at: 1774965664736
[debug] [2026-03-31T13:01:08.214Z] Checked if tokens are valid: true, expires at: 1774965664736
[debug] [2026-03-31T13:01:08.214Z] >>> [apiv2][query] GET https://firestore.googleapis.com/v1/projects/crftdweb-f02b0/databases/(default)/collectionGroups/-/indexes [none]
[debug] [2026-03-31T13:01:08.315Z] <<< [apiv2][status] GET https://firestore.googleapis.com/v1/projects/crftdweb-f02b0/databases/(default)/collectionGroups/-/indexes 200
[debug] [2026-03-31T13:01:08.317Z] <<< [apiv2][body] GET https://firestore.googleapis.com/v1/projects/crftdweb-f02b0/databases/(default)/collectionGroups/-/indexes {"indexes":[{"name":"projects/crftdweb-f02b0/databases/(default)/collectionGroups/chatSessions/indexes/CICAgNiav4AK","queryScope":"COLLECTION","fields":[{"fieldPath":"userId","order":"ASCENDING"},{"fieldPath":"updatedAt","order":"DESCENDING"},{"fieldPath":"__name__","order":"DESCENDING"}],"state":"READY","density":"SPARSE_ALL"},{"name":"projects/crftdweb-f02b0/databases/(default)/collectionGroups/chatSessions/indexes/CICAgJim14AK","queryScope":"COLLECTION","fields":[{"fieldPath":"agentId","order":"ASCENDING"},{"fieldPath":"userId","order":"ASCENDING"},{"fieldPath":"updatedAt","order":"DESCENDING"},{"fieldPath":"__name__","order":"DESCENDING"}],"state":"READY","density":"SPARSE_ALL"},{"name":"projects/crftdweb-f02b0/databases/(default)/collectionGroups/repDrillSessions/indexes/CICAgLjy8IAK","queryScope":"COLLECTION","fields":[{"fieldPath":"userId","order":"ASCENDING"},{"fieldPath":"createdAt","order":"DESCENDING"},{"fieldPath":"__name__","order":"DESCENDING"}],"state":"READY","density":"SPARSE_ALL"},{"name":"projects/crftdweb-f02b0/databases/(default)/collectionGroups/truthReports/indexes/CICAgOjXh4EK","queryScope":"COLLECTION","fields":[{"fieldPath":"userId","order":"ASCENDING"},{"fieldPath":"createdAt","order":"DESCENDING"},{"fieldPath":"__name__","order":"DESCENDING"}],"state":"READY","density":"SPARSE_ALL"},{"name":"projects/crftdweb-f02b0/databases/(default)/collectionGroups/deliverables/indexes/CICAgNiroIEK","queryScope":"COLLECTION","fields":[{"fieldPath":"workspaceId","order":"ASCENDING"},{"fieldPath":"createdAt","order":"DESCENDING"},{"fieldPath":"__name__","order":"DESCENDING"}],"state":"READY","density":"SPARSE_ALL"},{"name":"projects/crftdweb-f02b0/databases/(default)/collectionGroups/workspaces/indexes/CICAgJj7z4EK","queryScope":"COLLECTION","fields":[{"fieldPath":"userId","order":"ASCENDING"},{"fieldPath":"lastActivityAt","order":"DESCENDING"},{"fieldPath":"__name__","order":"DESCENDING"}],"state":"READY","density":"SPARSE_ALL"},{"name":"projects/crftdweb-f02b0/databases/(default)/collectionGroups/analyticsEvents/indexes/CICAgNjpgYIK","queryScope":"COLLECTION","fields":[{"fieldPath":"userId","order":"ASCENDING"},{"fieldPath":"createdAt","order":"DESCENDING"},{"fieldPath":"__name__","order":"DESCENDING"}],"state":"READY","density":"SPARSE_ALL"},{"name":"projects/crftdweb-f02b0/databases/(default)/collectionGroups/repCallSessions/indexes/CICAgLjRyYIK","queryScope":"COLLECTION","fields":[{"fieldPath":"repId","order":"ASCENDING"},{"fieldPath":"createdAt","order":"DESCENDING"},{"fieldPath":"__name__","order":"DESCENDING"}],"state":"READY","density":"SPARSE_ALL"},{"name":"projects/crftdweb-f02b0/databases/(default)/collectionGroups/funnels/indexes/CICAgJjF9oIK","queryScope":"COLLECTION","fields":[{"fieldPath":"userId","order":"ASCENDING"},{"fieldPath":"createdAt","order":"DESCENDING"},{"fieldPath":"__name__","order":"DESCENDING"}],"state":"READY","density":"SPARSE_ALL"},{"name":"projects/crftdweb-f02b0/databases/(default)/collectionGroups/repTrainingSessions/indexes/CICAgLiIkYMK","queryScope":"COLLECTION","fields":[{"fieldPath":"userId","order":"ASCENDING"},{"fieldPath":"createdAt","order":"DESCENDING"},{"fieldPath":"__name__","order":"DESCENDING"}],"state":"READY","density":"SPARSE_ALL"},{"name":"projects/crftdweb-f02b0/databases/(default)/collectionGroups/offers/indexes/CICAgJiUpoMK","queryScope":"COLLECTION","fields":[{"fieldPath":"userId","order":"ASCENDING"},{"fieldPath":"createdAt","order":"DESCENDING"},{"fieldPath":"__name__","order":"DESCENDING"}],"state":"READY","density":"SPARSE_ALL"},{"name":"projects/crftdweb-f02b0/databases/(default)/collectionGroups/skills/indexes/CICAgNi47oMK","queryScope":"COLLECTION","fields":[{"fieldPath":"userId","order":"ASCENDING"},{"fieldPath":"createdAt","order":"DESCENDING"},{"fieldPath":"__name__","order":"DESCENDING"}],"state":"READY","density":"SPARSE_ALL"},{"name":"projects/crftdweb-f02b0/databases/(default)/collectionGroups/generatedContent/indexes/CICAgOi3kJAK","queryScope":"COLLECTION","fields":[{"fieldPath":"userId","order":"ASCENDING"},{"fieldPath":"createdAt","order":"DESCENDING"},{"fieldPath":"__name__","order":"DESCENDING"}],"state":"READY","density":"SPARSE_ALL"},{"name":"projects/crftdweb-f02b0/databases/(default)/collectionGroups/chatSessions/indexes/CICAgNi4-ZIK","queryScope":"COLLECTION","fields":[{"fieldPath":"userId","order":"ASCENDING"},{"fieldPath":"agentId","order":"ASCENDING"},{"fieldPath":"updatedAt","order":"DESCENDING"},{"fieldPath":"__name__","order":"DESCENDING"}],"state":"READY","density":"SPARSE_ALL"},{"name":"projects/crftdweb-f02b0/databases/(default)/collectionGroups/prospect_memory/indexes/CICAgJjFqZMK","queryScope":"COLLECTION","fields":[{"fieldPath":"userId","order":"ASCENDING"},{"fieldPath":"updatedAt","order":"DESCENDING"},{"fieldPath":"__name__","order":"DESCENDING"}],"state":"READY","density":"SPARSE_ALL"}]}
[debug] [2026-03-31T13:01:08.318Z] Checked if tokens are valid: true, expires at: 1774965664736
[debug] [2026-03-31T13:01:08.318Z] Checked if tokens are valid: true, expires at: 1774965664736
[debug] [2026-03-31T13:01:08.318Z] >>> [apiv2][query] GET https://firestore.googleapis.com/v1/projects/crftdweb-f02b0/databases/(default)/collectionGroups/-/fields?filter=indexConfig.usesAncestorConfig=false OR ttlConfig:* [none]
[debug] [2026-03-31T13:01:08.380Z] <<< [apiv2][status] GET https://firestore.googleapis.com/v1/projects/crftdweb-f02b0/databases/(default)/collectionGroups/-/fields?filter=indexConfig.usesAncestorConfig=false OR ttlConfig:* 200
[debug] [2026-03-31T13:01:08.380Z] <<< [apiv2][body] GET https://firestore.googleapis.com/v1/projects/crftdweb-f02b0/databases/(default)/collectionGroups/-/fields?filter=indexConfig.usesAncestorConfig=false OR ttlConfig:* {"fields":[{"name":"projects/crftdweb-f02b0/databases/(default)/collectionGroups/__default__/fields/*","indexConfig":{"indexes":[{"queryScope":"COLLECTION","fields":[{"fieldPath":"*","order":"ASCENDING"}],"state":"READY"},{"queryScope":"COLLECTION","fields":[{"fieldPath":"*","order":"DESCENDING"}],"state":"READY"},{"queryScope":"COLLECTION","fields":[{"fieldPath":"*","arrayConfig":"CONTAINS"}],"state":"READY"}]}}]}
[info] i  firestore: The following indexes are defined in your project but are not present in your firestore indexes file:
	(chatSessions) -- (agentId,ASCENDING) (userId,ASCENDING) (updatedAt,DESCENDING)  
